#
# There is insufficient memory for the Java Runtime Environment to continue.
# Native memory allocation (malloc) failed to allocate 32744 bytes for ChunkPool::allocate
# Possible reasons:
#   The system is out of physical RAM or swap space
#   In 32 bit mode, the process size limit was hit
# Possible solutions:
#   Reduce memory load on the system
#   Increase physical memory or swap space
#   Check if swap backing store is full
#   Use 64 bit Java on a 64 bit OS
#   Decrease Java heap size (-Xmx/-Xms)
#   Decrease number of Java threads
#   Decrease Java thread stack sizes (-Xss)
#   Set larger code cache with -XX:ReservedCodeCacheSize=
# This output file may be truncated or incomplete.
#
#  Out of Memory Error (allocation.cpp:273), pid=5524, tid=0x0000000000003ab0
#
# JRE version: Java(TM) SE Runtime Environment (8.0_101-b13) (build 1.8.0_101-b13)
# Java VM: Java HotSpot(TM) 64-Bit Server VM (25.101-b13 mixed mode windows-amd64 compressed oops)
# Failed to write core dump. Minidumps are not enabled by default on client versions of Windows
#

---------------  T H R E A D  ---------------

Current thread (0x000000001ae0d800):  JavaThread "C1 CompilerThread3" daemon [_thread_in_native, id=15024, stack(0x000000001ba00000,0x000000001bb00000)]

Stack: [0x000000001ba00000,0x000000001bb00000]
[error occurred during error reporting (printing stack bounds), id 0xc0000005]

Native frames: (J=compiled Java code, j=interpreted, Vv=VM code, C=native code)


Current CompileTask:
C1:  44153 3699       1       com.huangbaba.controller.Test$1::run (3846 bytes)


---------------  P R O C E S S  ---------------

Java Threads: ( => current thread )
  0x000000001ce93000 JavaThread "http-nio-8080-exec-4" daemon [_thread_blocked, id=12076, stack(0x000000001fc80000,0x000000001fd80000)]
  0x000000001ce97000 JavaThread "http-nio-8080-exec-3" daemon [_thread_blocked, id=18400, stack(0x000000001fb80000,0x000000001fc80000)]
  0x000000001ce91800 JavaThread "http-nio-8080-exec-2" daemon [_thread_blocked, id=13656, stack(0x000000001fa80000,0x000000001fb80000)]
  0x000000001ce92800 JavaThread "http-nio-8080-exec-1" daemon [_thread_blocked, id=3216, stack(0x000000001f580000,0x000000001f680000)]
  0x000000001ce95800 JavaThread "RMI TCP Connection(idle)" daemon [_thread_blocked, id=12228, stack(0x000000001f480000,0x000000001f580000)]
  0x000000001ce94000 JavaThread "DestroyJavaVM" [_thread_blocked, id=17764, stack(0x00000000034d0000,0x00000000035d0000)]
  0x000000001ce94800 JavaThread "Timer-0" [_thread_blocked, id=17780, stack(0x000000001f380000,0x000000001f480000)]
  0x000000001ce91000 JavaThread "http-nio-8080-Acceptor" daemon [_thread_in_native, id=8228, stack(0x000000001f280000,0x000000001f380000)]
  0x000000001ce96000 JavaThread "http-nio-8080-Poller" daemon [_thread_in_native, id=13536, stack(0x000000001f180000,0x000000001f280000)]
  0x000000001d0db000 JavaThread "Druid-ConnectionPool-Destroy-623862380" daemon [_thread_blocked, id=6216, stack(0x000000001ec80000,0x000000001ed80000)]
  0x000000001d0da000 JavaThread "Druid-ConnectionPool-Create-623862380" daemon [_thread_blocked, id=17912, stack(0x000000001eb80000,0x000000001ec80000)]
  0x000000001d0c0800 JavaThread "Abandoned connection cleanup thread" daemon [_thread_blocked, id=2976, stack(0x000000001e780000,0x000000001e880000)]
  0x000000001d034800 JavaThread "container-0" [_thread_blocked, id=16632, stack(0x000000001e680000,0x000000001e780000)]
  0x000000001d033800 JavaThread "Catalina-utility-2" [_thread_blocked, id=7632, stack(0x000000001e580000,0x000000001e680000)]
  0x000000001d05a800 JavaThread "Catalina-utility-1" [_thread_blocked, id=3040, stack(0x000000001c8b0000,0x000000001c9b0000)]
  0x000000001b459800 JavaThread "RMI Scheduler(0)" daemon [_thread_blocked, id=17460, stack(0x000000001c5b0000,0x000000001c6b0000)]
  0x000000001b453800 JavaThread "RMI TCP Connection(idle)" daemon [_thread_blocked, id=15244, stack(0x000000001c4b0000,0x000000001c5b0000)]
  0x000000001afe9000 JavaThread "RMI TCP Accept-0" daemon [_thread_in_native, id=4376, stack(0x000000001bc00000,0x000000001bd00000)]
  0x000000001aed0000 JavaThread "Service Thread" daemon [_thread_blocked, id=11752, stack(0x000000001bb00000,0x000000001bc00000)]
=>0x000000001ae0d800 JavaThread "C1 CompilerThread3" daemon [_thread_in_native, id=15024, stack(0x000000001ba00000,0x000000001bb00000)]
  0x000000001ae0c800 JavaThread "C2 CompilerThread2" daemon [_thread_blocked, id=9972, stack(0x000000001b900000,0x000000001ba00000)]
  0x000000001ae0a000 JavaThread "C2 CompilerThread1" daemon [_thread_blocked, id=17124, stack(0x000000001b800000,0x000000001b900000)]
  0x000000001aa8a000 JavaThread "C2 CompilerThread0" daemon [_thread_blocked, id=17308, stack(0x000000001b700000,0x000000001b800000)]
  0x000000001aadd800 JavaThread "Monitor Ctrl-Break" daemon [_thread_in_native, id=5128, stack(0x000000001b600000,0x000000001b700000)]
  0x000000001a744000 JavaThread "Attach Listener" daemon [_thread_blocked, id=9280, stack(0x000000001ad00000,0x000000001ae00000)]
  0x000000001a798800 JavaThread "Signal Dispatcher" daemon [_thread_blocked, id=14384, stack(0x000000001ac00000,0x000000001ad00000)]
  0x000000000372e000 JavaThread "Finalizer" daemon [_thread_blocked, id=6876, stack(0x000000001ab00000,0x000000001ac00000)]
  0x000000001881d800 JavaThread "Reference Handler" daemon [_thread_blocked, id=12404, stack(0x000000001a600000,0x000000001a700000)]

Other Threads:
  0x0000000018819000 VMThread [stack: 0x000000001a500000,0x000000001a600000] [id=11632]
  0x000000001aff1800 WatcherThread [stack: 0x000000001bd00000,0x000000001be00000] [id=15884]

VM state:not at safepoint (normal execution)

VM Mutex/Monitor currently owned by a thread: None

Heap:
 PSYoungGen      total 130048K, used 107745K [0x00000000d6200000, 0x00000000e4d00000, 0x0000000100000000)
  eden space 119808K, 89% used [0x00000000d6200000,0x00000000dcb38460,0x00000000dd700000)
  from space 10240K, 0% used [0x00000000dd700000,0x00000000dd700000,0x00000000de100000)
  to   space 12288K, 0% used [0x00000000e4100000,0x00000000e4100000,0x00000000e4d00000)
 ParOldGen       total 68608K, used 16235K [0x0000000082600000, 0x0000000086900000, 0x00000000d6200000)
  object space 68608K, 23% used [0x0000000082600000,0x00000000835dace0,0x0000000086900000)
 Metaspace       used 40462K, capacity 43050K, committed 43264K, reserved 1087488K
  class space    used 5433K, capacity 5872K, committed 5888K, reserved 1048576K

Card table byte_map: [0x0000000012ce0000,0x00000000130d0000] byte_map_base: 0x00000000128cd000

Marking Bits: (ParMarkBitMap*) 0x000000007380a6d0
 Begin Bits: [0x0000000013b70000, 0x0000000015ad8000)
 End Bits:   [0x0000000015ad8000, 0x0000000017a40000)

Polling page: 0x00000000017e0000

CodeCache: size=245760Kb used=7255Kb max_used=7255Kb free=238504Kb
 bounds [0x0000000003920000, 0x0000000004040000, 0x0000000012920000]
 total_blobs=4192 nmethods=3698 adapters=405
 compilation: enabled

Compilation events (10 events):
Event: 31.258 Thread 0x000000001ae0d800 nmethod 3693 0x0000000004034710 code [0x0000000004034880, 0x0000000004034bb0]
Event: 31.921 Thread 0x000000001ae0d800 3694       1       java.lang.Thread::isInterrupted (6 bytes)
Event: 31.921 Thread 0x000000001ae0d800 nmethod 3694 0x0000000004034ed0 code [0x0000000004035020, 0x0000000004035148]
Event: 38.089 Thread 0x000000001ae0d800 3695       1       java.util.concurrent.ScheduledThreadPoolExecutor$DelayedWorkQueue::setIndex (16 bytes)
Event: 38.090 Thread 0x000000001ae0d800 nmethod 3695 0x00000000040351d0 code [0x0000000004035320, 0x00000000040354b0]
Event: 38.095 Thread 0x000000001ae0d800 3696       1       java.util.concurrent.locks.LockSupport::setBlocker (12 bytes)
Event: 38.095 Thread 0x000000001ae0d800 nmethod 3696 0x0000000004035550 code [0x00000000040356a0, 0x00000000040357b0]
Event: 42.089 Thread 0x000000001ae0d800 3698       1       java.util.concurrent.locks.AbstractQueuedSynchronizer::compareAndSetWaitStatus (13 bytes)
Event: 42.089 Thread 0x000000001ae0d800 nmethod 3698 0x0000000004035bd0 code [0x0000000004035d20, 0x0000000004035e30]
Event: 44.145 Thread 0x000000001ae0d800 3699       1       com.huangbaba.controller.Test$1::run (3846 bytes)

GC Heap History (10 events):
Event: 2.150 GC heap before
{Heap before GC invocations=5 (full 1):
 PSYoungGen      total 70656K, used 5101K [0x00000000d6200000, 0x00000000dac00000, 0x0000000100000000)
  eden space 65536K, 0% used [0x00000000d6200000,0x00000000d6200000,0x00000000da200000)
  from space 5120K, 99% used [0x00000000da700000,0x00000000dabfb7e0,0x00000000dac00000)
  to   space 5120K, 0% used [0x00000000da200000,0x00000000da200000,0x00000000da700000)
 ParOldGen       total 86016K, used 6145K [0x0000000082600000, 0x0000000087a00000, 0x00000000d6200000)
  object space 86016K, 7% used [0x0000000082600000,0x0000000082c007b8,0x0000000087a00000)
 Metaspace       used 20349K, capacity 21218K, committed 21296K, reserved 1067008K
  class space    used 2668K, capacity 2875K, committed 2944K, reserved 1048576K
Event: 2.172 GC heap after
Heap after GC invocations=5 (full 1):
 PSYoungGen      total 70656K, used 0K [0x00000000d6200000, 0x00000000dac00000, 0x0000000100000000)
  eden space 65536K, 0% used [0x00000000d6200000,0x00000000d6200000,0x00000000da200000)
  from space 5120K, 0% used [0x00000000da700000,0x00000000da700000,0x00000000dac00000)
  to   space 5120K, 0% used [0x00000000da200000,0x00000000da200000,0x00000000da700000)
 ParOldGen       total 47104K, used 5453K [0x0000000082600000, 0x0000000085400000, 0x00000000d6200000)
  object space 47104K, 11% used [0x0000000082600000,0x0000000082b535d8,0x0000000085400000)
 Metaspace       used 20349K, capacity 21218K, committed 21296K, reserved 1067008K
  class space    used 2668K, capacity 2875K, committed 2944K, reserved 1048576K
}
Event: 2.616 GC heap before
{Heap before GC invocations=6 (full 1):
 PSYoungGen      total 70656K, used 65536K [0x00000000d6200000, 0x00000000dac00000, 0x0000000100000000)
  eden space 65536K, 100% used [0x00000000d6200000,0x00000000da200000,0x00000000da200000)
  from space 5120K, 0% used [0x00000000da700000,0x00000000da700000,0x00000000dac00000)
  to   space 5120K, 0% used [0x00000000da200000,0x00000000da200000,0x00000000da700000)
 ParOldGen       total 47104K, used 5453K [0x0000000082600000, 0x0000000085400000, 0x00000000d6200000)
  object space 47104K, 11% used [0x0000000082600000,0x0000000082b535d8,0x0000000085400000)
 Metaspace       used 23783K, capacity 24940K, committed 25088K, reserved 1071104K
  class space    used 3215K, capacity 3490K, committed 3584K, reserved 1048576K
Event: 2.620 GC heap after
Heap after GC invocations=6 (full 1):
 PSYoungGen      total 70656K, used 5112K [0x00000000d6200000, 0x00000000deb00000, 0x0000000100000000)
  eden space 65536K, 0% used [0x00000000d6200000,0x00000000d6200000,0x00000000da200000)
  from space 5120K, 99% used [0x00000000da200000,0x00000000da6fe050,0x00000000da700000)
  to   space 9216K, 0% used [0x00000000de200000,0x00000000de200000,0x00000000deb00000)
 ParOldGen       total 47104K, used 6846K [0x0000000082600000, 0x0000000085400000, 0x00000000d6200000)
  object space 47104K, 14% used [0x0000000082600000,0x0000000082caf970,0x0000000085400000)
 Metaspace       used 23783K, capacity 24940K, committed 25088K, reserved 1071104K
  class space    used 3215K, capacity 3490K, committed 3584K, reserved 1048576K
}
Event: 3.057 GC heap before
{Heap before GC invocations=7 (full 1):
 PSYoungGen      total 70656K, used 70648K [0x00000000d6200000, 0x00000000deb00000, 0x0000000100000000)
  eden space 65536K, 100% used [0x00000000d6200000,0x00000000da200000,0x00000000da200000)
  from space 5120K, 99% used [0x00000000da200000,0x00000000da6fe050,0x00000000da700000)
  to   space 9216K, 0% used [0x00000000de200000,0x00000000de200000,0x00000000deb00000)
 ParOldGen       total 47104K, used 6846K [0x0000000082600000, 0x0000000085400000, 0x00000000d6200000)
  object space 47104K, 14% used [0x0000000082600000,0x0000000082caf970,0x0000000085400000)
 Metaspace       used 28377K, capacity 30194K, committed 30336K, reserved 1075200K
  class space    used 3844K, capacity 4189K, committed 4224K, reserved 1048576K
Event: 3.063 GC heap after
Heap after GC invocations=7 (full 1):
 PSYoungGen      total 129024K, used 9207K [0x00000000d6200000, 0x00000000deb00000, 0x0000000100000000)
  eden space 119808K, 0% used [0x00000000d6200000,0x00000000d6200000,0x00000000dd700000)
  from space 9216K, 99% used [0x00000000de200000,0x00000000deafdfa8,0x00000000deb00000)
  to   space 10240K, 0% used [0x00000000dd700000,0x00000000dd700000,0x00000000de100000)
 ParOldGen       total 47104K, used 6951K [0x0000000082600000, 0x0000000085400000, 0x00000000d6200000)
  object space 47104K, 14% used [0x0000000082600000,0x0000000082cc9ef0,0x0000000085400000)
 Metaspace       used 28377K, capacity 30194K, committed 30336K, reserved 1075200K
  class space    used 3844K, capacity 4189K, committed 4224K, reserved 1048576K
}
Event: 3.546 GC heap before
{Heap before GC invocations=8 (full 1):
 PSYoungGen      total 129024K, used 87190K [0x00000000d6200000, 0x00000000deb00000, 0x0000000100000000)
  eden space 119808K, 65% used [0x00000000d6200000,0x00000000dae27958,0x00000000dd700000)
  from space 9216K, 99% used [0x00000000de200000,0x00000000deafdfa8,0x00000000deb00000)
  to   space 10240K, 0% used [0x00000000dd700000,0x00000000dd700000,0x00000000de100000)
 ParOldGen       total 47104K, used 6951K [0x0000000082600000, 0x0000000085400000, 0x00000000d6200000)
  object space 47104K, 14% used [0x0000000082600000,0x0000000082cc9ef0,0x0000000085400000)
 Metaspace       used 33451K, capacity 35398K, committed 35496K, reserved 1079296K
  class space    used 4438K, capacity 4823K, committed 4864K, reserved 1048576K
Event: 3.556 GC heap after
Heap after GC invocations=8 (full 1):
 PSYoungGen      total 130048K, used 10230K [0x00000000d6200000, 0x00000000e4d00000, 0x0000000100000000)
  eden space 119808K, 0% used [0x00000000d6200000,0x00000000d6200000,0x00000000dd700000)
  from space 10240K, 99% used [0x00000000dd700000,0x00000000de0fd8a8,0x00000000de100000)
  to   space 12288K, 0% used [0x00000000e4100000,0x00000000e4100000,0x00000000e4d00000)
 ParOldGen       total 47104K, used 8190K [0x0000000082600000, 0x0000000085400000, 0x00000000d6200000)
  object space 47104K, 17% used [0x0000000082600000,0x0000000082dff8e0,0x0000000085400000)
 Metaspace       used 33451K, capacity 35398K, committed 35496K, reserved 1079296K
  class space    used 4438K, capacity 4823K, committed 4864K, reserved 1048576K
}
Event: 3.556 GC heap before
{Heap before GC invocations=9 (full 2):
 PSYoungGen      total 130048K, used 10230K [0x00000000d6200000, 0x00000000e4d00000, 0x0000000100000000)
  eden space 119808K, 0% used [0x00000000d6200000,0x00000000d6200000,0x00000000dd700000)
  from space 10240K, 99% used [0x00000000dd700000,0x00000000de0fd8a8,0x00000000de100000)
  to   space 12288K, 0% used [0x00000000e4100000,0x00000000e4100000,0x00000000e4d00000)
 ParOldGen       total 47104K, used 8190K [0x0000000082600000, 0x0000000085400000, 0x00000000d6200000)
  object space 47104K, 17% used [0x0000000082600000,0x0000000082dff8e0,0x0000000085400000)
 Metaspace       used 33451K, capacity 35398K, committed 35496K, reserved 1079296K
  class space    used 4438K, capacity 4823K, committed 4864K, reserved 1048576K
Event: 3.595 GC heap after
Heap after GC invocations=9 (full 2):
 PSYoungGen      total 130048K, used 0K [0x00000000d6200000, 0x00000000e4d00000, 0x0000000100000000)
  eden space 119808K, 0% used [0x00000000d6200000,0x00000000d6200000,0x00000000dd700000)
  from space 10240K, 0% used [0x00000000dd700000,0x00000000dd700000,0x00000000de100000)
  to   space 12288K, 0% used [0x00000000e4100000,0x00000000e4100000,0x00000000e4d00000)
 ParOldGen       total 68608K, used 16235K [0x0000000082600000, 0x0000000086900000, 0x00000000d6200000)
  object space 68608K, 23% used [0x0000000082600000,0x00000000835dace0,0x0000000086900000)
 Metaspace       used 33451K, capacity 35398K, committed 35496K, reserved 1079296K
  class space    used 4438K, capacity 4823K, committed 4864K, reserved 1048576K
}

Deoptimization events (0 events):
No events

Internal exceptions (10 events):
Event: 4.033 Thread 0x0000000003637800 Exception <a 'java/lang/ArrayIndexOutOfBoundsException'> (0x00000000d935fff8) thrown at [C:\re\workspace\8-2-build-windows-amd64-cygwin\jdk8u101\7261\hotspot\src\share\vm\runtime\sharedRuntime.cpp, line 605]
Event: 4.051 Thread 0x0000000003637800 Exception <a 'java/lang/ArrayIndexOutOfBoundsException'> (0x00000000d96c77d0) thrown at [C:\re\workspace\8-2-build-windows-amd64-cygwin\jdk8u101\7261\hotspot\src\share\vm\runtime\sharedRuntime.cpp, line 605]
Event: 4.051 Thread 0x0000000003637800 Exception <a 'java/lang/ArrayIndexOutOfBoundsException'> (0x00000000d96cb168) thrown at [C:\re\workspace\8-2-build-windows-amd64-cygwin\jdk8u101\7261\hotspot\src\share\vm\runtime\sharedRuntime.cpp, line 605]
Event: 4.096 Thread 0x0000000003637800 Exception <a 'java/lang/ArrayIndexOutOfBoundsException'> (0x00000000d9e04728) thrown at [C:\re\workspace\8-2-build-windows-amd64-cygwin\jdk8u101\7261\hotspot\src\share\vm\runtime\sharedRuntime.cpp, line 605]
Event: 4.096 Thread 0x0000000003637800 Exception <a 'java/lang/ArrayIndexOutOfBoundsException'> (0x00000000d9e0c4b0) thrown at [C:\re\workspace\8-2-build-windows-amd64-cygwin\jdk8u101\7261\hotspot\src\share\vm\runtime\sharedRuntime.cpp, line 605]
Event: 4.096 Thread 0x0000000003637800 Exception <a 'java/lang/ArrayIndexOutOfBoundsException'> (0x00000000d9e0e9b8) thrown at [C:\re\workspace\8-2-build-windows-amd64-cygwin\jdk8u101\7261\hotspot\src\share\vm\runtime\sharedRuntime.cpp, line 605]
Event: 4.096 Thread 0x0000000003637800 Exception <a 'java/lang/ArrayIndexOutOfBoundsException'> (0x00000000d9e10e18) thrown at [C:\re\workspace\8-2-build-windows-amd64-cygwin\jdk8u101\7261\hotspot\src\share\vm\runtime\sharedRuntime.cpp, line 605]
Event: 4.096 Thread 0x0000000003637800 Exception <a 'java/lang/ArrayIndexOutOfBoundsException'> (0x00000000d9e126e0) thrown at [C:\re\workspace\8-2-build-windows-amd64-cygwin\jdk8u101\7261\hotspot\src\share\vm\runtime\sharedRuntime.cpp, line 605]
Event: 4.105 Thread 0x0000000003637800 Exception <a 'java/lang/ArrayIndexOutOfBoundsException'> (0x00000000d9e9fef0) thrown at [C:\re\workspace\8-2-build-windows-amd64-cygwin\jdk8u101\7261\hotspot\src\share\vm\runtime\sharedRuntime.cpp, line 605]
Event: 4.108 Thread 0x0000000003637800 Exception <a 'java/lang/ArrayIndexOutOfBoundsException'> (0x00000000d9eba188) thrown at [C:\re\workspace\8-2-build-windows-amd64-cygwin\jdk8u101\7261\hotspot\src\share\vm\runtime\sharedRuntime.cpp, line 605]

Events (10 events):
Event: 28.657 Executing VM operation: RevokeBias
Event: 28.657 Executing VM operation: RevokeBias done
Event: 29.559 Thread 0x000000001ce97000 Thread added: 0x000000001ce97000
Event: 29.560 Thread 0x000000001ce93000 Thread added: 0x000000001ce93000
Event: 29.560 Executing VM operation: RevokeBias
Event: 29.560 Executing VM operation: RevokeBias done
Event: 29.560 Executing VM operation: RevokeBias
Event: 29.560 Executing VM operation: RevokeBias done
Event: 29.560 Executing VM operation: RevokeBias
Event: 29.560 Executing VM operation: RevokeBias done


Dynamic libraries:
0x00007ff7047f0000 - 0x00007ff704827000 	C:\Program Files\Java\jdk1.8.0_101\bin\java.exe
0x00007ff8fda00000 - 0x00007ff8fdbf0000 	C:\windows\SYSTEM32\ntdll.dll
0x00007ff8fc2a0000 - 0x00007ff8fc352000 	C:\windows\System32\KERNEL32.DLL
0x00007ff8faf60000 - 0x00007ff8fb204000 	C:\windows\System32\KERNELBASE.dll
0x00007ff8fbcf0000 - 0x00007ff8fbd93000 	C:\windows\System32\ADVAPI32.dll
0x00007ff8fc000000 - 0x00007ff8fc09e000 	C:\windows\System32\msvcrt.dll
0x00007ff8fd540000 - 0x00007ff8fd5d7000 	C:\windows\System32\sechost.dll
0x00007ff8fd6b0000 - 0x00007ff8fd7d0000 	C:\windows\System32\RPCRT4.dll
0x00007ff8fcee0000 - 0x00007ff8fd074000 	C:\windows\System32\USER32.dll
0x00007ff8fb210000 - 0x00007ff8fb231000 	C:\windows\System32\win32u.dll
0x00007ff8fc270000 - 0x00007ff8fc296000 	C:\windows\System32\GDI32.dll
0x00007ff8facc0000 - 0x00007ff8fae56000 	C:\windows\System32\gdi32full.dll
0x00007ff8faad0000 - 0x00007ff8fab6e000 	C:\windows\System32\msvcp_win.dll
0x00007ff8fae60000 - 0x00007ff8faf5a000 	C:\windows\System32\ucrtbase.dll
0x00007ff8fa050000 - 0x00007ff8fa2d4000 	C:\windows\WinSxS\amd64_microsoft.windows.common-controls_6595b64144ccf1df_6.0.18362.959_none_e6c7bbbf130c62bb\COMCTL32.dll
0x00007ff8fd080000 - 0x00007ff8fd3b5000 	C:\windows\System32\combase.dll
0x00007ff8fac20000 - 0x00007ff8faca0000 	C:\windows\System32\bcryptPrimitives.dll
0x00007ff8fd490000 - 0x00007ff8fd4be000 	C:\windows\System32\IMM32.DLL
0x0000000074fb0000 - 0x0000000075082000 	C:\Program Files\Java\jdk1.8.0_101\jre\bin\msvcr100.dll
0x0000000072ff0000 - 0x000000007388a000 	C:\Program Files\Java\jdk1.8.0_101\jre\bin\server\jvm.dll
0x00007ff8fbab0000 - 0x00007ff8fbab8000 	C:\windows\System32\PSAPI.DLL
0x00007ff8f39e0000 - 0x00007ff8f39ea000 	C:\windows\SYSTEM32\VERSION.dll
0x00007ff8f7e10000 - 0x00007ff8f7e34000 	C:\windows\SYSTEM32\WINMM.dll
0x00007ff8dbca0000 - 0x00007ff8dbca9000 	C:\windows\SYSTEM32\WSOCK32.dll
0x00007ff8fd3c0000 - 0x00007ff8fd42f000 	C:\windows\System32\WS2_32.dll
0x00007ff8f7d00000 - 0x00007ff8f7d2d000 	C:\windows\SYSTEM32\WINMMBASE.dll
0x00007ff8fba60000 - 0x00007ff8fbaaa000 	C:\windows\System32\cfgmgr32.dll
0x0000000074fa0000 - 0x0000000074faf000 	C:\Program Files\Java\jdk1.8.0_101\jre\bin\verify.dll
0x0000000074f70000 - 0x0000000074f99000 	C:\Program Files\Java\jdk1.8.0_101\jre\bin\java.dll
0x0000000074e70000 - 0x0000000074e93000 	C:\Program Files\Java\jdk1.8.0_101\jre\bin\instrument.dll
0x0000000074f50000 - 0x0000000074f66000 	C:\Program Files\Java\jdk1.8.0_101\jre\bin\zip.dll
0x00007ff8fc360000 - 0x00007ff8fca46000 	C:\windows\System32\SHELL32.dll
0x00007ff8fbf50000 - 0x00007ff8fbff9000 	C:\windows\System32\shcore.dll
0x00007ff8fb240000 - 0x00007ff8fb9c2000 	C:\windows\System32\windows.storage.dll
0x00007ff8fa8e0000 - 0x00007ff8fa903000 	C:\windows\System32\profapi.dll
0x00007ff8fa910000 - 0x00007ff8fa95a000 	C:\windows\System32\powrprof.dll
0x00007ff8fa8b0000 - 0x00007ff8fa8c0000 	C:\windows\System32\UMPDC.dll
0x00007ff8fd430000 - 0x00007ff8fd482000 	C:\windows\System32\shlwapi.dll
0x00007ff8fa8c0000 - 0x00007ff8fa8d1000 	C:\windows\System32\kernel.appcore.dll
0x00007ff8faca0000 - 0x00007ff8facb7000 	C:\windows\System32\cryptsp.dll
0x00007ff8f5290000 - 0x00007ff8f52aa000 	D:\Program Files\JetBrains\IntelliJ IDEA 2019.2.4\bin\breakgen64.dll
0x0000000074f30000 - 0x0000000074f4a000 	C:\Program Files\Java\jdk1.8.0_101\jre\bin\net.dll
0x00007ff8f9a40000 - 0x00007ff8f9aa7000 	C:\windows\system32\mswsock.dll
0x00007ff8f9790000 - 0x00007ff8f985b000 	C:\windows\SYSTEM32\DNSAPI.dll
0x00007ff8fd530000 - 0x00007ff8fd538000 	C:\windows\System32\NSI.dll
0x00007ff8f9750000 - 0x00007ff8f978a000 	C:\windows\SYSTEM32\IPHLPAPI.DLL
0x00007ff8e9ee0000 - 0x00007ff8e9eea000 	C:\Windows\System32\rasadhlp.dll
0x00007ff8eea60000 - 0x00007ff8eead7000 	C:\windows\System32\fwpuclnt.dll
0x00007ff8fb9d0000 - 0x00007ff8fb9f6000 	C:\windows\System32\bcrypt.dll
0x0000000074f00000 - 0x0000000074f0d000 	C:\Program Files\Java\jdk1.8.0_101\jre\bin\management.dll
0x0000000074f10000 - 0x0000000074f21000 	C:\Program Files\Java\jdk1.8.0_101\jre\bin\nio.dll
0x00007ff8f95b0000 - 0x00007ff8f95e3000 	C:\windows\system32\rsaenh.dll
0x00007ff8fa7d0000 - 0x00007ff8fa7f5000 	C:\windows\SYSTEM32\USERENV.dll
0x00007ff8f9c10000 - 0x00007ff8f9c1c000 	C:\windows\SYSTEM32\CRYPTBASE.dll
0x00007ff8f0e60000 - 0x00007ff8f0e76000 	C:\windows\SYSTEM32\dhcpcsvc6.DLL
0x00007ff8f0c60000 - 0x00007ff8f0c7c000 	C:\windows\SYSTEM32\dhcpcsvc.DLL
0x00007ff8dd810000 - 0x00007ff8dd826000 	C:\windows\system32\napinsp.dll
0x00007ff8dc580000 - 0x00007ff8dc59a000 	C:\windows\system32\pnrpnsp.dll
0x00007ff8dc530000 - 0x00007ff8dc53e000 	C:\windows\System32\winrnr.dll
0x00007ff8f66d0000 - 0x00007ff8f66ec000 	C:\windows\system32\NLAapi.dll
0x00007ff8dc4b0000 - 0x00007ff8dc4c5000 	C:\windows\system32\wshbth.dll

VM Arguments:
jvm_args: -XX:TieredStopAtLevel=1 -Xverify:none -Dspring.output.ansi.enabled=always -Dcom.sun.management.jmxremote -Dspring.jmx.enabled=true -Dspring.liveBeansView.mbeanDomain -Dspring.application.admin.enabled=true -javaagent:D:\Program Files\JetBrains\IntelliJ IDEA 2019.2.4\lib\idea_rt.jar=51987:D:\Program Files\JetBrains\IntelliJ IDEA 2019.2.4\bin -Dfile.encoding=UTF-8 
java_command: com.huangbaba.RuangonApplication
java_class_path (initial): C:\Program Files\Java\jdk1.8.0_101\jre\lib\charsets.jar;C:\Program Files\Java\jdk1.8.0_101\jre\lib\deploy.jar;C:\Program Files\Java\jdk1.8.0_101\jre\lib\ext\access-bridge-64.jar;C:\Program Files\Java\jdk1.8.0_101\jre\lib\ext\cldrdata.jar;C:\Program Files\Java\jdk1.8.0_101\jre\lib\ext\dnsns.jar;C:\Program Files\Java\jdk1.8.0_101\jre\lib\ext\jaccess.jar;C:\Program Files\Java\jdk1.8.0_101\jre\lib\ext\jfxrt.jar;C:\Program Files\Java\jdk1.8.0_101\jre\lib\ext\localedata.jar;C:\Program Files\Java\jdk1.8.0_101\jre\lib\ext\nashorn.jar;C:\Program Files\Java\jdk1.8.0_101\jre\lib\ext\sunec.jar;C:\Program Files\Java\jdk1.8.0_101\jre\lib\ext\sunjce_provider.jar;C:\Program Files\Java\jdk1.8.0_101\jre\lib\ext\sunmscapi.jar;C:\Program Files\Java\jdk1.8.0_101\jre\lib\ext\sunpkcs11.jar;C:\Program Files\Java\jdk1.8.0_101\jre\lib\ext\zipfs.jar;C:\Program Files\Java\jdk1.8.0_101\jre\lib\javaws.jar;C:\Program Files\Java\jdk1.8.0_101\jre\lib\jce.jar;C:\Program Files\Java\jdk1.8.0_101\jre\lib\jfr.jar;C:\Program Files\Java\jdk1.8.0_101\jre\lib\jfxswt.jar;C:\Program Files\Java\jdk1.8.0_101\jre\lib\jsse.jar;C:\Program Files\Java\jdk1.8.0_101\jre\lib\management-agent.jar;C:\Program Files\Java\jdk1.8.0_101\jre\lib\plugin.jar;C:\Program Files\Java\jdk1.8.0_101\jre\lib\resources.jar;C:\Program Files\Java\jdk1.8.0_101\jre\lib\rt.jar;D:\ѧϰ\ruangon\target\classes;D:\02-devInstall\apache-maven-3.3.9\maven-repository\org\springframework\boot\spring-boot-starter-web\2.5.5\spring-boot-starter-web-2.5.5.jar;D:\02-devInstall\apache-maven-3.3.9\maven-repository\org\springframework\boot\spring-boot-starter\2.5.5\spring-boot-starter-2.5.5.jar;D:\02-devInstall\apache-maven-3.3.9\maven-repository\org\springframework\boot\spring-boot\2.5.5\spring-boot-2.5.5.jar;D:\02-devInstall\apache-maven-3.3.9\maven-repository\org\springframework\boot\spring-boot-starter-logging\2.5.5\spring-boot-starter-logging-2.5.5.jar;D:\02-devInstall\apache-maven-3.3.9\maven-repository\ch\qos\logback\logbac
Launcher Type: SUN_STANDARD

Environment Variables:
JAVA_HOME=C:\Program Files\Java\jdk1.8.0_101
CLASSPATH=.;C:\Program Files\Java\jdk1.8.0_101\lib;C:\Program Files\Java\jdk1.8.0_101\lib\dt.jar;C:\Program Files\Java\jdk1.8.0_101\tools.jar
USERNAME=32301
OS=Windows_NT
PROCESSOR_IDENTIFIER=Intel64 Family 6 Model 142 Stepping 12, GenuineIntel



---------------  S Y S T E M  ---------------

OS: Windows 10.0 , 64 bit Build 18362 (10.0.18362.959)

CPU:total 8 (4 cores per cpu, 2 threads per core) family 6 model 142 stepping 12, cmov, cx8, fxsr, mmx, sse, sse2, sse3, ssse3, sse4.1, sse4.2, popcnt, avx, avx2, aes, clmul, erms, 3dnowpref, lzcnt, ht, tsc, tscinvbit, bmi1, bmi2, adx

Memory: 4k page, physical 8230644k(530336k free), swap 12424948k(3412k free)

vm_info: Java HotSpot(TM) 64-Bit Server VM (25.101-b13) for windows-amd64 JRE (1.8.0_101-b13), built on Jun 22 2016 01:21:29 by "java_re" with MS VC++ 10.0 (VS2010)

time: Wed Dec 15 18:13:25 2021
elapsed time: 44 seconds (0d 0h 0m 44s)

