#
# There is insufficient memory for the Java Runtime Environment to continue.
# Native memory allocation (malloc) failed to allocate 81936 bytes for Chunk::new
# Possible reasons:
#   The system is out of physical RAM or swap space
#   In 32 bit mode, the process size limit was hit
# Possible solutions:
#   Reduce memory load on the system
#   Increase physical memory or swap space
#   Check if swap backing store is full
#   Use 64 bit Java on a 64 bit OS
#   Decrease Java heap size (-Xmx/-Xms)
#   Decrease number of Java threads
#   Decrease Java thread stack sizes (-Xss)
#   Set larger code cache with -XX:ReservedCodeCacheSize=
# This output file may be truncated or incomplete.
#
#  Out of Memory Error (allocation.cpp:390), pid=17844, tid=0x0000000000002a98
#
# JRE version: Java(TM) SE Runtime Environment (8.0_101-b13) (build 1.8.0_101-b13)
# Java VM: Java HotSpot(TM) 64-Bit Server VM (25.101-b13 mixed mode windows-amd64 compressed oops)
# Failed to write core dump. Minidumps are not enabled by default on client versions of Windows
#

---------------  T H R E A D  ---------------

Current thread (0x000000001a91e800):  JavaThread "C1 CompilerThread3" daemon [_thread_in_native, id=10904, stack(0x000000001b820000,0x000000001b920000)]

Stack: [0x000000001b820000,0x000000001b920000]
[error occurred during error reporting (printing stack bounds), id 0xc0000005]

Native frames: (J=compiled Java code, j=interpreted, Vv=VM code, C=native code)


Current CompileTask:
C1:  25175 5372       1       com.huangbaba.controller.Test$1::run (3853 bytes)


---------------  P R O C E S S  ---------------

Java Threads: ( => current thread )
  0x000000001d12b000 JavaThread "http-nio-8080-exec-10" daemon [_thread_blocked, id=17524, stack(0x00000000202a0000,0x00000000203a0000)]
  0x000000001d123000 JavaThread "http-nio-8080-exec-9" daemon [_thread_blocked, id=7384, stack(0x00000000201a0000,0x00000000202a0000)]
  0x000000001d124800 JavaThread "http-nio-8080-exec-8" daemon [_thread_blocked, id=12556, stack(0x00000000200a0000,0x00000000201a0000)]
  0x000000001d128000 JavaThread "http-nio-8080-exec-7" daemon [_thread_blocked, id=13200, stack(0x000000001ffa0000,0x00000000200a0000)]
  0x000000001d126800 JavaThread "http-nio-8080-exec-6" daemon [_thread_blocked, id=6072, stack(0x000000001fea0000,0x000000001ffa0000)]
  0x000000001ce49800 JavaThread "http-nio-8080-exec-5" daemon [_thread_blocked, id=12400, stack(0x000000001fda0000,0x000000001fea0000)]
  0x000000001ce50000 JavaThread "http-nio-8080-exec-4" daemon [_thread_blocked, id=13088, stack(0x000000001fca0000,0x000000001fda0000)]
  0x000000001ce4b000 JavaThread "http-nio-8080-exec-3" daemon [_thread_blocked, id=7276, stack(0x000000001fba0000,0x000000001fca0000)]
  0x000000001ce4f800 JavaThread "http-nio-8080-exec-2" daemon [_thread_blocked, id=16476, stack(0x000000001faa0000,0x000000001fba0000)]
  0x000000001ce4e800 JavaThread "http-nio-8080-exec-1" daemon [_thread_blocked, id=580, stack(0x000000001f3a0000,0x000000001f4a0000)]
  0x000000001ce4b800 JavaThread "RMI TCP Connection(idle)" daemon [_thread_blocked, id=4280, stack(0x000000001f2a0000,0x000000001f3a0000)]
  0x000000001ce4a000 JavaThread "DestroyJavaVM" [_thread_blocked, id=12800, stack(0x0000000003410000,0x0000000003510000)]
  0x000000001ce4e000 JavaThread "Timer-0" [_thread_blocked, id=1624, stack(0x000000001f1a0000,0x000000001f2a0000)]
  0x000000001ce4d000 JavaThread "http-nio-8080-Acceptor" daemon [_thread_in_native, id=14120, stack(0x000000001f0a0000,0x000000001f1a0000)]
  0x000000001ce4c800 JavaThread "http-nio-8080-Poller" daemon [_thread_in_native, id=11600, stack(0x000000001efa0000,0x000000001f0a0000)]
  0x000000001cd92000 JavaThread "Druid-ConnectionPool-Destroy-551994588" daemon [_thread_blocked, id=18144, stack(0x000000001eaa0000,0x000000001eba0000)]
  0x000000001cd91800 JavaThread "Druid-ConnectionPool-Create-551994588" daemon [_thread_blocked, id=5056, stack(0x000000001e9a0000,0x000000001eaa0000)]
  0x000000001cccb000 JavaThread "Abandoned connection cleanup thread" daemon [_thread_blocked, id=16412, stack(0x000000001e5a0000,0x000000001e6a0000)]
  0x000000001cc68000 JavaThread "container-0" [_thread_blocked, id=5340, stack(0x000000001e4a0000,0x000000001e5a0000)]
  0x000000001cc46000 JavaThread "Catalina-utility-2" [_thread_blocked, id=12924, stack(0x000000001e3a0000,0x000000001e4a0000)]
  0x000000001cc63800 JavaThread "Catalina-utility-1" [_thread_blocked, id=9384, stack(0x000000001e2a0000,0x000000001e3a0000)]
  0x000000001c786800 JavaThread "RMI Scheduler(0)" daemon [_thread_blocked, id=16772, stack(0x000000001d9a0000,0x000000001daa0000)]
  0x000000001c725000 JavaThread "RMI TCP Connection(3)-192.168.126.1" daemon [_thread_in_native, id=7092, stack(0x000000001c2d0000,0x000000001c3d0000)]
  0x000000001ae0d000 JavaThread "RMI TCP Accept-0" daemon [_thread_in_native, id=12232, stack(0x000000001ba20000,0x000000001bb20000)]
  0x000000001acf9000 JavaThread "Service Thread" daemon [_thread_blocked, id=17716, stack(0x000000001b920000,0x000000001ba20000)]
=>0x000000001a91e800 JavaThread "C1 CompilerThread3" daemon [_thread_in_native, id=10904, stack(0x000000001b820000,0x000000001b920000)]
  0x000000001a91d800 JavaThread "C2 CompilerThread2" daemon [_thread_blocked, id=18308, stack(0x000000001b720000,0x000000001b820000)]
  0x000000001a91d000 JavaThread "C2 CompilerThread1" daemon [_thread_blocked, id=15232, stack(0x000000001b620000,0x000000001b720000)]
  0x000000001a91a000 JavaThread "C2 CompilerThread0" daemon [_thread_blocked, id=10072, stack(0x000000001b520000,0x000000001b620000)]
  0x000000001a8fd800 JavaThread "Monitor Ctrl-Break" daemon [_thread_in_native, id=11672, stack(0x000000001b420000,0x000000001b520000)]
  0x000000001a5b4800 JavaThread "Attach Listener" daemon [_thread_blocked, id=17772, stack(0x000000001ab20000,0x000000001ac20000)]
  0x000000001a560000 JavaThread "Signal Dispatcher" daemon [_thread_blocked, id=14976, stack(0x000000001aa20000,0x000000001ab20000)]
  0x000000001a541800 JavaThread "Finalizer" daemon [_thread_blocked, id=13148, stack(0x000000001a920000,0x000000001aa20000)]
  0x000000000363e000 JavaThread "Reference Handler" daemon [_thread_blocked, id=17812, stack(0x000000001a420000,0x000000001a520000)]

Other Threads:
  0x0000000018639800 VMThread [stack: 0x000000001a320000,0x000000001a420000] [id=16072]
  0x000000001ae17800 WatcherThread [stack: 0x000000001bb20000,0x000000001bc20000] [id=14068]

VM state:not at safepoint (normal execution)

VM Mutex/Monitor currently owned by a thread: None

Heap:
 PSYoungGen      total 151040K, used 88166K [0x00000000d6200000, 0x00000000e0980000, 0x0000000100000000)
  eden space 139776K, 55% used [0x00000000d6200000,0x00000000dad913b8,0x00000000dea80000)
  from space 11264K, 95% used [0x00000000dfe80000,0x00000000e09084e8,0x00000000e0980000)
  to   space 13312K, 0% used [0x00000000def80000,0x00000000def80000,0x00000000dfc80000)
 ParOldGen       total 90624K, used 16214K [0x0000000082600000, 0x0000000087e80000, 0x00000000d6200000)
  object space 90624K, 17% used [0x0000000082600000,0x00000000835d5b78,0x0000000087e80000)
 Metaspace       used 44625K, capacity 47312K, committed 47616K, reserved 1091584K
  class space    used 5837K, capacity 6321K, committed 6400K, reserved 1048576K

Card table byte_map: [0x0000000012b00000,0x0000000012ef0000] byte_map_base: 0x00000000126ed000

Marking Bits: (ParMarkBitMap*) 0x000000007380a6d0
 Begin Bits: [0x0000000013990000, 0x00000000158f8000)
 End Bits:   [0x00000000158f8000, 0x0000000017860000)

Polling page: 0x0000000001270000

CodeCache: size=245760Kb used=10017Kb max_used=10017Kb free=235742Kb
 bounds [0x0000000003740000, 0x0000000004110000, 0x0000000012740000]
 total_blobs=5837 nmethods=5293 adapters=455
 compilation: enabled

Compilation events (10 events):
Event: 25.092 Thread 0x000000001a91e800 nmethod 5367 0x0000000004109890 code [0x0000000004109a60, 0x0000000004109dd8]
Event: 25.092 Thread 0x000000001a91e800 5368       1       org.springframework.web.util.UrlPathHelper::getContextPath (42 bytes)
Event: 25.092 Thread 0x000000001a91e800 nmethod 5368 0x000000000410a0d0 code [0x000000000410a260, 0x000000000410a578]
Event: 25.092 Thread 0x000000001a91e800 5369       1       org.springframework.util.StringUtils::matchesCharacter (27 bytes)
Event: 25.092 Thread 0x000000001a91e800 nmethod 5369 0x000000000410a7d0 code [0x000000000410a940, 0x000000000410ab08]
Event: 25.092 Thread 0x000000001a91e800 5370       1       org.springframework.web.util.UrlPathHelper::getRequestUri (30 bytes)
Event: 25.093 Thread 0x000000001a91e800 nmethod 5370 0x000000000410ac90 code [0x000000000410ae20, 0x000000000410b068]
Event: 25.093 Thread 0x000000001a91e800 5371       1       org.springframework.web.util.UrlPathHelper::removeSemicolonContent (20 bytes)
Event: 25.093 Thread 0x000000001a91e800 nmethod 5371 0x000000000410b1d0 code [0x000000000410b340, 0x000000000410b498]
Event: 25.148 Thread 0x000000001a91e800 5372       1       com.huangbaba.controller.Test$1::run (3853 bytes)

GC Heap History (10 events):
Event: 1.755 GC heap before
{Heap before GC invocations=6 (full 1):
 PSYoungGen      total 70656K, used 65536K [0x00000000d6200000, 0x00000000dac00000, 0x0000000100000000)
  eden space 65536K, 100% used [0x00000000d6200000,0x00000000da200000,0x00000000da200000)
  from space 5120K, 0% used [0x00000000da700000,0x00000000da700000,0x00000000dac00000)
  to   space 5120K, 0% used [0x00000000da200000,0x00000000da200000,0x00000000da700000)
 ParOldGen       total 56320K, used 5639K [0x0000000082600000, 0x0000000085d00000, 0x00000000d6200000)
  object space 56320K, 10% used [0x0000000082600000,0x0000000082b81d28,0x0000000085d00000)
 Metaspace       used 23886K, capacity 25088K, committed 25344K, reserved 1071104K
  class space    used 3229K, capacity 3492K, committed 3584K, reserved 1048576K
Event: 1.759 GC heap after
Heap after GC invocations=6 (full 1):
 PSYoungGen      total 70656K, used 5103K [0x00000000d6200000, 0x00000000dd700000, 0x0000000100000000)
  eden space 65536K, 0% used [0x00000000d6200000,0x00000000d6200000,0x00000000da200000)
  from space 5120K, 99% used [0x00000000da200000,0x00000000da6fbe18,0x00000000da700000)
  to   space 9216K, 0% used [0x00000000dce00000,0x00000000dce00000,0x00000000dd700000)
 ParOldGen       total 56320K, used 7163K [0x0000000082600000, 0x0000000085d00000, 0x00000000d6200000)
  object space 56320K, 12% used [0x0000000082600000,0x0000000082cfee78,0x0000000085d00000)
 Metaspace       used 23886K, capacity 25088K, committed 25344K, reserved 1071104K
  class space    used 3229K, capacity 3492K, committed 3584K, reserved 1048576K
}
Event: 2.118 GC heap before
{Heap before GC invocations=7 (full 1):
 PSYoungGen      total 70656K, used 70639K [0x00000000d6200000, 0x00000000dd700000, 0x0000000100000000)
  eden space 65536K, 100% used [0x00000000d6200000,0x00000000da200000,0x00000000da200000)
  from space 5120K, 99% used [0x00000000da200000,0x00000000da6fbe18,0x00000000da700000)
  to   space 9216K, 0% used [0x00000000dce00000,0x00000000dce00000,0x00000000dd700000)
 ParOldGen       total 56320K, used 7163K [0x0000000082600000, 0x0000000085d00000, 0x00000000d6200000)
  object space 56320K, 12% used [0x0000000082600000,0x0000000082cfee78,0x0000000085d00000)
 Metaspace       used 28516K, capacity 30294K, committed 30336K, reserved 1075200K
  class space    used 3857K, capacity 4221K, committed 4224K, reserved 1048576K
Event: 2.123 GC heap after
Heap after GC invocations=7 (full 1):
 PSYoungGen      total 108544K, used 9209K [0x00000000d6200000, 0x00000000dd800000, 0x0000000100000000)
  eden space 99328K, 0% used [0x00000000d6200000,0x00000000d6200000,0x00000000dc300000)
  from space 9216K, 99% used [0x00000000dce00000,0x00000000dd6fe6d8,0x00000000dd700000)
  to   space 10752K, 0% used [0x00000000dc300000,0x00000000dc300000,0x00000000dcd80000)
 ParOldGen       total 56320K, used 7698K [0x0000000082600000, 0x0000000085d00000, 0x00000000d6200000)
  object space 56320K, 13% used [0x0000000082600000,0x0000000082d84858,0x0000000085d00000)
 Metaspace       used 28516K, capacity 30294K, committed 30336K, reserved 1075200K
  class space    used 3857K, capacity 4221K, committed 4224K, reserved 1048576K
}
Event: 2.456 GC heap before
{Heap before GC invocations=8 (full 1):
 PSYoungGen      total 108544K, used 83627K [0x00000000d6200000, 0x00000000dd800000, 0x0000000100000000)
  eden space 99328K, 74% used [0x00000000d6200000,0x00000000daaac870,0x00000000dc300000)
  from space 9216K, 99% used [0x00000000dce00000,0x00000000dd6fe6d8,0x00000000dd700000)
  to   space 10752K, 0% used [0x00000000dc300000,0x00000000dc300000,0x00000000dcd80000)
 ParOldGen       total 56320K, used 7698K [0x0000000082600000, 0x0000000085d00000, 0x00000000d6200000)
  object space 56320K, 13% used [0x0000000082600000,0x0000000082d84858,0x0000000085d00000)
 Metaspace       used 33442K, capacity 35402K, committed 35496K, reserved 1079296K
  class space    used 4430K, capacity 4823K, committed 4864K, reserved 1048576K
Event: 2.462 GC heap after
Heap after GC invocations=8 (full 1):
 PSYoungGen      total 110080K, used 10731K [0x00000000d6200000, 0x00000000e0a80000, 0x0000000100000000)
  eden space 99328K, 0% used [0x00000000d6200000,0x00000000d6200000,0x00000000dc300000)
  from space 10752K, 99% used [0x00000000dc300000,0x00000000dcd7ac30,0x00000000dcd80000)
  to   space 12288K, 0% used [0x00000000dfe80000,0x00000000dfe80000,0x00000000e0a80000)
 ParOldGen       total 56320K, used 8659K [0x0000000082600000, 0x0000000085d00000, 0x00000000d6200000)
  object space 56320K, 15% used [0x0000000082600000,0x0000000082e74f48,0x0000000085d00000)
 Metaspace       used 33442K, capacity 35402K, committed 35496K, reserved 1079296K
  class space    used 4430K, capacity 4823K, committed 4864K, reserved 1048576K
}
Event: 2.462 GC heap before
{Heap before GC invocations=9 (full 2):
 PSYoungGen      total 110080K, used 10731K [0x00000000d6200000, 0x00000000e0a80000, 0x0000000100000000)
  eden space 99328K, 0% used [0x00000000d6200000,0x00000000d6200000,0x00000000dc300000)
  from space 10752K, 99% used [0x00000000dc300000,0x00000000dcd7ac30,0x00000000dcd80000)
  to   space 12288K, 0% used [0x00000000dfe80000,0x00000000dfe80000,0x00000000e0a80000)
 ParOldGen       total 56320K, used 8659K [0x0000000082600000, 0x0000000085d00000, 0x00000000d6200000)
  object space 56320K, 15% used [0x0000000082600000,0x0000000082e74f48,0x0000000085d00000)
 Metaspace       used 33442K, capacity 35402K, committed 35496K, reserved 1079296K
  class space    used 4430K, capacity 4823K, committed 4864K, reserved 1048576K
Event: 2.497 GC heap after
Heap after GC invocations=9 (full 2):
 PSYoungGen      total 110080K, used 0K [0x00000000d6200000, 0x00000000e0a80000, 0x0000000100000000)
  eden space 99328K, 0% used [0x00000000d6200000,0x00000000d6200000,0x00000000dc300000)
  from space 10752K, 0% used [0x00000000dc300000,0x00000000dc300000,0x00000000dcd80000)
  to   space 12288K, 0% used [0x00000000dfe80000,0x00000000dfe80000,0x00000000e0a80000)
 ParOldGen       total 90624K, used 16206K [0x0000000082600000, 0x0000000087e80000, 0x00000000d6200000)
  object space 90624K, 17% used [0x0000000082600000,0x00000000835d3b78,0x0000000087e80000)
 Metaspace       used 33442K, capacity 35402K, committed 35496K, reserved 1079296K
  class space    used 4430K, capacity 4823K, committed 4864K, reserved 1048576K
}
Event: 11.825 GC heap before
{Heap before GC invocations=10 (full 2):
 PSYoungGen      total 110080K, used 99328K [0x00000000d6200000, 0x00000000e0a80000, 0x0000000100000000)
  eden space 99328K, 100% used [0x00000000d6200000,0x00000000dc300000,0x00000000dc300000)
  from space 10752K, 0% used [0x00000000dc300000,0x00000000dc300000,0x00000000dcd80000)
  to   space 12288K, 0% used [0x00000000dfe80000,0x00000000dfe80000,0x00000000e0a80000)
 ParOldGen       total 90624K, used 16206K [0x0000000082600000, 0x0000000087e80000, 0x00000000d6200000)
  object space 90624K, 17% used [0x0000000082600000,0x00000000835d3b78,0x0000000087e80000)
 Metaspace       used 41286K, capacity 43946K, committed 44160K, reserved 1087488K
  class space    used 5437K, capacity 5914K, committed 6016K, reserved 1048576K
Event: 11.837 GC heap after
Heap after GC invocations=10 (full 2):
 PSYoungGen      total 151040K, used 10785K [0x00000000d6200000, 0x00000000e0980000, 0x0000000100000000)
  eden space 139776K, 0% used [0x00000000d6200000,0x00000000d6200000,0x00000000dea80000)
  from space 11264K, 95% used [0x00000000dfe80000,0x00000000e09084e8,0x00000000e0980000)
  to   space 13312K, 0% used [0x00000000def80000,0x00000000def80000,0x00000000dfc80000)
 ParOldGen       total 90624K, used 16214K [0x0000000082600000, 0x0000000087e80000, 0x00000000d6200000)
  object space 90624K, 17% used [0x0000000082600000,0x00000000835d5b78,0x0000000087e80000)
 Metaspace       used 41286K, capacity 43946K, committed 44160K, reserved 1087488K
  class space    used 5437K, capacity 5914K, committed 6016K, reserved 1048576K
}

Deoptimization events (0 events):
No events

Internal exceptions (10 events):
Event: 18.012 Thread 0x000000001ce49800 Exception <a 'java/lang/reflect/InvocationTargetException'> (0x00000000d7c74c28) thrown at [C:\re\workspace\8-2-build-windows-amd64-cygwin\jdk8u101\7261\hotspot\src\share\vm\runtime\reflection.cpp, line 1092]
Event: 18.024 Thread 0x000000001ce49800 Exception <a 'java/lang/ArrayIndexOutOfBoundsException'> (0x00000000d80cfb48) thrown at [C:\re\workspace\8-2-build-windows-amd64-cygwin\jdk8u101\7261\hotspot\src\share\vm\runtime\sharedRuntime.cpp, line 605]
Event: 18.024 Thread 0x000000001ce49800 Exception <a 'java/lang/ArrayIndexOutOfBoundsException'> (0x00000000d80d0fe8) thrown at [C:\re\workspace\8-2-build-windows-amd64-cygwin\jdk8u101\7261\hotspot\src\share\vm\runtime\sharedRuntime.cpp, line 605]
Event: 18.025 Thread 0x000000001ce49800 Exception <a 'java/lang/ArrayIndexOutOfBoundsException'> (0x00000000d80e2d70) thrown at [C:\re\workspace\8-2-build-windows-amd64-cygwin\jdk8u101\7261\hotspot\src\share\vm\runtime\sharedRuntime.cpp, line 605]
Event: 18.025 Thread 0x000000001ce49800 Exception <a 'java/lang/ArrayIndexOutOfBoundsException'> (0x00000000d80e3bd8) thrown at [C:\re\workspace\8-2-build-windows-amd64-cygwin\jdk8u101\7261\hotspot\src\share\vm\runtime\sharedRuntime.cpp, line 605]
Event: 18.025 Thread 0x000000001ce49800 Exception <a 'java/lang/ArrayIndexOutOfBoundsException'> (0x00000000d80ec618) thrown at [C:\re\workspace\8-2-build-windows-amd64-cygwin\jdk8u101\7261\hotspot\src\share\vm\runtime\sharedRuntime.cpp, line 605]
Event: 18.051 Thread 0x000000001ce49800 Exception <a 'java/lang/ArrayIndexOutOfBoundsException'> (0x00000000d837f408) thrown at [C:\re\workspace\8-2-build-windows-amd64-cygwin\jdk8u101\7261\hotspot\src\share\vm\runtime\sharedRuntime.cpp, line 605]
Event: 18.066 Thread 0x000000001ce49800 Exception <a 'java/lang/ArrayIndexOutOfBoundsException'> (0x00000000d854b238) thrown at [C:\re\workspace\8-2-build-windows-amd64-cygwin\jdk8u101\7261\hotspot\src\share\vm\runtime\sharedRuntime.cpp, line 605]
Event: 18.069 Thread 0x000000001ce49800 Exception <a 'java/lang/ArrayIndexOutOfBoundsException'> (0x00000000d859e228) thrown at [C:\re\workspace\8-2-build-windows-amd64-cygwin\jdk8u101\7261\hotspot\src\share\vm\runtime\sharedRuntime.cpp, line 605]
Event: 18.118 Thread 0x000000001ce4e800 Exception <a 'java/lang/reflect/InvocationTargetException'> (0x00000000d75e5900) thrown at [C:\re\workspace\8-2-build-windows-amd64-cygwin\jdk8u101\7261\hotspot\src\share\vm\runtime\reflection.cpp, line 1092]

Events (10 events):
Event: 21.418 Thread 0x000000001a91e800 flushing nmethod 0x0000000003e76e90
Event: 21.418 Thread 0x000000001a91e800 flushing nmethod 0x0000000003eaaa50
Event: 21.456 Executing VM operation: RevokeBias
Event: 21.456 Executing VM operation: RevokeBias done
Event: 21.556 Executing VM operation: RevokeBias
Event: 21.556 Executing VM operation: RevokeBias done
Event: 21.657 Executing VM operation: RevokeBias
Event: 21.657 Executing VM operation: RevokeBias done
Event: 21.757 Executing VM operation: BulkRevokeBias
Event: 21.757 Executing VM operation: BulkRevokeBias done


Dynamic libraries:
0x00007ff7047f0000 - 0x00007ff704827000 	C:\Program Files\Java\jdk1.8.0_101\bin\java.exe
0x00007ff8fda00000 - 0x00007ff8fdbf0000 	C:\windows\SYSTEM32\ntdll.dll
0x00007ff8fc2a0000 - 0x00007ff8fc352000 	C:\windows\System32\KERNEL32.DLL
0x00007ff8faf60000 - 0x00007ff8fb204000 	C:\windows\System32\KERNELBASE.dll
0x00007ff8fbcf0000 - 0x00007ff8fbd93000 	C:\windows\System32\ADVAPI32.dll
0x00007ff8fc000000 - 0x00007ff8fc09e000 	C:\windows\System32\msvcrt.dll
0x00007ff8fd540000 - 0x00007ff8fd5d7000 	C:\windows\System32\sechost.dll
0x00007ff8fd6b0000 - 0x00007ff8fd7d0000 	C:\windows\System32\RPCRT4.dll
0x00007ff8fcee0000 - 0x00007ff8fd074000 	C:\windows\System32\USER32.dll
0x00007ff8fb210000 - 0x00007ff8fb231000 	C:\windows\System32\win32u.dll
0x00007ff8fc270000 - 0x00007ff8fc296000 	C:\windows\System32\GDI32.dll
0x00007ff8facc0000 - 0x00007ff8fae56000 	C:\windows\System32\gdi32full.dll
0x00007ff8faad0000 - 0x00007ff8fab6e000 	C:\windows\System32\msvcp_win.dll
0x00007ff8fae60000 - 0x00007ff8faf5a000 	C:\windows\System32\ucrtbase.dll
0x00007ff8fa050000 - 0x00007ff8fa2d4000 	C:\windows\WinSxS\amd64_microsoft.windows.common-controls_6595b64144ccf1df_6.0.18362.959_none_e6c7bbbf130c62bb\COMCTL32.dll
0x00007ff8fd080000 - 0x00007ff8fd3b5000 	C:\windows\System32\combase.dll
0x00007ff8fac20000 - 0x00007ff8faca0000 	C:\windows\System32\bcryptPrimitives.dll
0x00007ff8fd490000 - 0x00007ff8fd4be000 	C:\windows\System32\IMM32.DLL
0x0000000074fb0000 - 0x0000000075082000 	C:\Program Files\Java\jdk1.8.0_101\jre\bin\msvcr100.dll
0x0000000072ff0000 - 0x000000007388a000 	C:\Program Files\Java\jdk1.8.0_101\jre\bin\server\jvm.dll
0x00007ff8fbab0000 - 0x00007ff8fbab8000 	C:\windows\System32\PSAPI.DLL
0x00007ff8f7e10000 - 0x00007ff8f7e34000 	C:\windows\SYSTEM32\WINMM.dll
0x00007ff8f39e0000 - 0x00007ff8f39ea000 	C:\windows\SYSTEM32\VERSION.dll
0x00007ff8dbca0000 - 0x00007ff8dbca9000 	C:\windows\SYSTEM32\WSOCK32.dll
0x00007ff8fd3c0000 - 0x00007ff8fd42f000 	C:\windows\System32\WS2_32.dll
0x00007ff8f7d00000 - 0x00007ff8f7d2d000 	C:\windows\SYSTEM32\WINMMBASE.dll
0x00007ff8fba60000 - 0x00007ff8fbaaa000 	C:\windows\System32\cfgmgr32.dll
0x0000000074fa0000 - 0x0000000074faf000 	C:\Program Files\Java\jdk1.8.0_101\jre\bin\verify.dll
0x0000000074f70000 - 0x0000000074f99000 	C:\Program Files\Java\jdk1.8.0_101\jre\bin\java.dll
0x0000000074e70000 - 0x0000000074e93000 	C:\Program Files\Java\jdk1.8.0_101\jre\bin\instrument.dll
0x0000000074f50000 - 0x0000000074f66000 	C:\Program Files\Java\jdk1.8.0_101\jre\bin\zip.dll
0x00007ff8fc360000 - 0x00007ff8fca46000 	C:\windows\System32\SHELL32.dll
0x00007ff8fbf50000 - 0x00007ff8fbff9000 	C:\windows\System32\shcore.dll
0x00007ff8fb240000 - 0x00007ff8fb9c2000 	C:\windows\System32\windows.storage.dll
0x00007ff8fa8e0000 - 0x00007ff8fa903000 	C:\windows\System32\profapi.dll
0x00007ff8fa910000 - 0x00007ff8fa95a000 	C:\windows\System32\powrprof.dll
0x00007ff8fa8b0000 - 0x00007ff8fa8c0000 	C:\windows\System32\UMPDC.dll
0x00007ff8fd430000 - 0x00007ff8fd482000 	C:\windows\System32\shlwapi.dll
0x00007ff8fa8c0000 - 0x00007ff8fa8d1000 	C:\windows\System32\kernel.appcore.dll
0x00007ff8faca0000 - 0x00007ff8facb7000 	C:\windows\System32\cryptsp.dll
0x00007ff8f5c20000 - 0x00007ff8f5c3a000 	D:\Program Files\JetBrains\IntelliJ IDEA 2019.2.4\bin\breakgen64.dll
0x0000000074f30000 - 0x0000000074f4a000 	C:\Program Files\Java\jdk1.8.0_101\jre\bin\net.dll
0x00007ff8f9a40000 - 0x00007ff8f9aa7000 	C:\windows\system32\mswsock.dll
0x00007ff8f9790000 - 0x00007ff8f985b000 	C:\windows\SYSTEM32\DNSAPI.dll
0x00007ff8fd530000 - 0x00007ff8fd538000 	C:\windows\System32\NSI.dll
0x00007ff8f9750000 - 0x00007ff8f978a000 	C:\windows\SYSTEM32\IPHLPAPI.DLL
0x00007ff8e9ee0000 - 0x00007ff8e9eea000 	C:\Windows\System32\rasadhlp.dll
0x00007ff8eea60000 - 0x00007ff8eead7000 	C:\windows\System32\fwpuclnt.dll
0x00007ff8fb9d0000 - 0x00007ff8fb9f6000 	C:\windows\System32\bcrypt.dll
0x0000000074f00000 - 0x0000000074f0d000 	C:\Program Files\Java\jdk1.8.0_101\jre\bin\management.dll
0x0000000074f10000 - 0x0000000074f21000 	C:\Program Files\Java\jdk1.8.0_101\jre\bin\nio.dll
0x00007ff8f95b0000 - 0x00007ff8f95e3000 	C:\windows\system32\rsaenh.dll
0x00007ff8fa7d0000 - 0x00007ff8fa7f5000 	C:\windows\SYSTEM32\USERENV.dll
0x00007ff8f9c10000 - 0x00007ff8f9c1c000 	C:\windows\SYSTEM32\CRYPTBASE.dll
0x00007ff8f0e60000 - 0x00007ff8f0e76000 	C:\windows\SYSTEM32\dhcpcsvc6.DLL
0x00007ff8f0c60000 - 0x00007ff8f0c7c000 	C:\windows\SYSTEM32\dhcpcsvc.DLL
0x00007ff8dd810000 - 0x00007ff8dd826000 	C:\windows\system32\napinsp.dll
0x00007ff8dc580000 - 0x00007ff8dc59a000 	C:\windows\system32\pnrpnsp.dll
0x00007ff8dc530000 - 0x00007ff8dc53e000 	C:\windows\System32\winrnr.dll
0x00007ff8f66d0000 - 0x00007ff8f66ec000 	C:\windows\system32\NLAapi.dll
0x00007ff8dc4b0000 - 0x00007ff8dc4c5000 	C:\windows\system32\wshbth.dll

VM Arguments:
jvm_args: -XX:TieredStopAtLevel=1 -Xverify:none -Dspring.output.ansi.enabled=always -Dcom.sun.management.jmxremote -Dspring.jmx.enabled=true -Dspring.liveBeansView.mbeanDomain -Dspring.application.admin.enabled=true -javaagent:D:\Program Files\JetBrains\IntelliJ IDEA 2019.2.4\lib\idea_rt.jar=53520:D:\Program Files\JetBrains\IntelliJ IDEA 2019.2.4\bin -Dfile.encoding=UTF-8 
java_command: com.huangbaba.RuangonApplication
java_class_path (initial): C:\Program Files\Java\jdk1.8.0_101\jre\lib\charsets.jar;C:\Program Files\Java\jdk1.8.0_101\jre\lib\deploy.jar;C:\Program Files\Java\jdk1.8.0_101\jre\lib\ext\access-bridge-64.jar;C:\Program Files\Java\jdk1.8.0_101\jre\lib\ext\cldrdata.jar;C:\Program Files\Java\jdk1.8.0_101\jre\lib\ext\dnsns.jar;C:\Program Files\Java\jdk1.8.0_101\jre\lib\ext\jaccess.jar;C:\Program Files\Java\jdk1.8.0_101\jre\lib\ext\jfxrt.jar;C:\Program Files\Java\jdk1.8.0_101\jre\lib\ext\localedata.jar;C:\Program Files\Java\jdk1.8.0_101\jre\lib\ext\nashorn.jar;C:\Program Files\Java\jdk1.8.0_101\jre\lib\ext\sunec.jar;C:\Program Files\Java\jdk1.8.0_101\jre\lib\ext\sunjce_provider.jar;C:\Program Files\Java\jdk1.8.0_101\jre\lib\ext\sunmscapi.jar;C:\Program Files\Java\jdk1.8.0_101\jre\lib\ext\sunpkcs11.jar;C:\Program Files\Java\jdk1.8.0_101\jre\lib\ext\zipfs.jar;C:\Program Files\Java\jdk1.8.0_101\jre\lib\javaws.jar;C:\Program Files\Java\jdk1.8.0_101\jre\lib\jce.jar;C:\Program Files\Java\jdk1.8.0_101\jre\lib\jfr.jar;C:\Program Files\Java\jdk1.8.0_101\jre\lib\jfxswt.jar;C:\Program Files\Java\jdk1.8.0_101\jre\lib\jsse.jar;C:\Program Files\Java\jdk1.8.0_101\jre\lib\management-agent.jar;C:\Program Files\Java\jdk1.8.0_101\jre\lib\plugin.jar;C:\Program Files\Java\jdk1.8.0_101\jre\lib\resources.jar;C:\Program Files\Java\jdk1.8.0_101\jre\lib\rt.jar;D:\ѧϰ\ruangon\target\classes;D:\02-devInstall\apache-maven-3.3.9\maven-repository\org\springframework\boot\spring-boot-starter-web\2.5.5\spring-boot-starter-web-2.5.5.jar;D:\02-devInstall\apache-maven-3.3.9\maven-repository\org\springframework\boot\spring-boot-starter\2.5.5\spring-boot-starter-2.5.5.jar;D:\02-devInstall\apache-maven-3.3.9\maven-repository\org\springframework\boot\spring-boot\2.5.5\spring-boot-2.5.5.jar;D:\02-devInstall\apache-maven-3.3.9\maven-repository\org\springframework\boot\spring-boot-starter-logging\2.5.5\spring-boot-starter-logging-2.5.5.jar;D:\02-devInstall\apache-maven-3.3.9\maven-repository\ch\qos\logback\logbac
Launcher Type: SUN_STANDARD

Environment Variables:
JAVA_HOME=C:\Program Files\Java\jdk1.8.0_101
CLASSPATH=.;C:\Program Files\Java\jdk1.8.0_101\lib;C:\Program Files\Java\jdk1.8.0_101\lib\dt.jar;C:\Program Files\Java\jdk1.8.0_101\tools.jar
USERNAME=32301
OS=Windows_NT
PROCESSOR_IDENTIFIER=Intel64 Family 6 Model 142 Stepping 12, GenuineIntel



---------------  S Y S T E M  ---------------

OS: Windows 10.0 , 64 bit Build 18362 (10.0.18362.959)

CPU:total 8 (4 cores per cpu, 2 threads per core) family 6 model 142 stepping 12, cmov, cx8, fxsr, mmx, sse, sse2, sse3, ssse3, sse4.1, sse4.2, popcnt, avx, avx2, aes, clmul, erms, 3dnowpref, lzcnt, ht, tsc, tscinvbit, bmi1, bmi2, adx

Memory: 4k page, physical 8230644k(920604k free), swap 12424948k(2072k free)

vm_info: Java HotSpot(TM) 64-Bit Server VM (25.101-b13) for windows-amd64 JRE (1.8.0_101-b13), built on Jun 22 2016 01:21:29 by "java_re" with MS VC++ 10.0 (VS2010)

time: Wed Dec 15 19:02:20 2021
elapsed time: 25 seconds (0d 0h 0m 25s)

